GSSHA has found potential issues in your channel thalweg profile
Potenial Issues Codes and reccomendations 
--> Issue Codes: 0 - thalweg elevation higher than overland flow cell elevation
                 Reccomended - correct if performing groundwater simulations or using the OVERBANK_FLOW or OVERBANK_BACKWATER cards 
                 see http://www.gsshawiki.com/Surface_Water_Routing:Channel_Routing#5.1.5_Longitudinal_Channel_Profile_Smoothing  

Issues identified 
Issue     link    node    thalweg     cell    cell       elevation 
Code      number  number  elevation   number  elevation  difference
0          21       1     643.000     1103     639.105     3.895276
0          21       2     630.123     1201     628.476     1.646724
0          21       3     619.403     1302     615.458     3.944434
0          21       4     608.479     1303     607.928     0.550902
0          21       5     597.028     1405     594.485     2.542992
0          21       6     586.886     1406     586.461     0.424975
0          22       1     540.109     1414     537.949     2.160333
0          22       2     528.767     1415     524.032     4.735236
0          21       6     586.886     1508     582.936     3.950182
0          22       3     514.984     1518     512.454     2.530011
0          21       8     571.269     1611     569.175     2.093830
0          22       4     505.268     1620     504.510     0.758256
0          21       9     565.044     1716     557.451     7.593379
0          22       5     497.989     1725     491.135     6.854259
0           1      11     345.663     1752     345.306     0.356483
0           3       1     757.919     1795     755.760     2.159151
0          21      11     547.763     1824     547.486     0.276796
0          21      12     542.837     1825     542.657     0.180443
0          22       7     479.220     1833     473.736     5.484036
0          20      12     432.439     1839     428.942     3.496351
0           5       1     842.345     1891     835.369     6.976706
0           3       2     745.371     1902     738.337     7.034168
0          21      14     533.612     1934     529.653     3.959172
0          21      15     526.483     1935     525.915     0.567489
0          21      20     480.252     1939     479.435     0.816655
0          22       8     467.743     1940     466.170     1.573069
0          21      21     468.790     1940     466.170     2.619976
0          23       1     459.685     1941     458.482     1.202631
0          20      13     427.207     1946     426.648     0.558993
0           1      14     322.434     1967     321.708     0.725580
0           5       2     830.900     1999     823.144     7.755696
0           3       4     720.863     2011     719.165     1.698518
0           3       3     733.211     2011     719.165    14.046057
0          20      14     422.464     2055     422.059     0.404718
0           1      15     311.136     2076     308.270     2.866127
0           3       5     708.957     2120     701.358     7.598478
0          23       5     435.630     2160     435.267     0.362735
0          20      15     417.919     2163     417.861     0.058279
0           5       5     800.237     2215     798.271     1.965201
0           3       6     697.797     2227     689.657     8.139895
0          23       7     423.101     2269     422.561     0.540293
0           5       6     791.918     2323     786.796     5.122649
0           3       7     686.622     2335     684.332     2.289274
0          23       9     411.247     2378     410.193     1.054343
0          20      18     404.793     2380     401.544     3.248921
0           3       8     675.350     2443     673.532     1.817357
0          27       1     262.018     2510     261.111     0.906058
0          26       2     263.931     2510     261.111     2.819592
0           1      21     265.543     2510     261.111     4.431658
0          27       1     262.018     2511     261.111     0.906058
0          27       2     259.382     2512     256.965     2.416872
0           4       5     802.368     2533     795.539     6.829517
0           5       8     769.614     2538     758.928    10.686470
0           3      10     652.681     2551     644.366     8.315743
0           3      11     641.777     2552     640.457     1.319815
0          25       8     266.986     2615     266.084     0.901749
0           2      12     270.786     2615     266.084     4.701404
0           4       8     771.525     2641     764.462     7.063769
0           4       9     761.329     2642     755.320     6.009172
0           5      10     740.010     2645     734.650     5.359602
0           3      13     623.253     2659     621.510     1.742132
0          24       3     373.587     2703     370.158     3.428855
0          25       6     272.150     2719     270.539     1.610807
0          25       5     274.771     2719     270.539     4.231301
0          25       7     269.563     2720     268.603     0.960083
0          25       6     272.150     2720     268.603     3.546751
0           2      11     280.942     2721     276.907     4.035327
0           4      10     751.140     2748     746.178     4.962070
0           4       9     761.329     2748     746.178    15.151140
0           4      10     751.140     2749     741.440     9.699985
0           5      12     714.896     2752     710.436     4.460431
0          24       8     350.040     2813     349.906     0.134160
0          24       9     344.815     2814     344.630     0.184491
0          24      14     304.557     2819     296.539     8.017142
0           2      10     291.755     2827     286.379     5.376091
0           2      10     291.755     2828     286.779     4.976312
0           2       9     304.287     2828     286.779    17.508297
0           4      14     707.711     2857     703.413     4.298076
0           4      13     722.050     2857     703.413    18.637610
0           6       1     698.138     2858     694.562     3.576485
0           5      13     703.728     2858     694.562     9.166217
0           4      14     707.711     2858     694.562    13.149029
0           6       1     698.138     2859     685.711    12.427376
0           3      15     606.575     2872     603.862     2.713051
0           3      16     597.526     2873     595.922     1.603770
0           3      17     588.417     2874     584.313     4.104376
0           3      19     571.724     2875     570.936     0.788262
0           3      18     580.073     2875     570.936     9.137298
0           3      19     571.724     2876     565.398     6.326287
0          19      19     290.442     2926     290.043     0.399248
0           2       9     304.287     2934     302.731     1.556301
0           2       8     319.340     2934     302.731    16.609470
0           6       2     693.476     2965     676.860    16.616725
0           6       1     698.138     2965     676.860    21.278328
0           6       3     684.156     2966     664.699    19.457258
0           6       2     693.476     2966     664.699    28.777797
0           6       5     666.272     2967     659.545     6.726192
0           6       4     675.191     2967     659.545    15.645813
0           6       3     684.156     2967     659.545    24.610517
0           6       6     657.133     2968     645.363    11.770418
0           6       5     666.272     2968     645.363    20.908931
0           6       7     648.370     2969     641.108     7.262060
0           6       6     657.133     2969     641.108    16.025545
0           6       8     639.916     2970     627.460    12.456207
0           6       7     648.370     2970     627.460    20.909704
0           6       9     631.555     2971     620.490    11.065231
0           6       8     639.916     2971     620.490    19.426055
0           6      10     623.479     2972     616.154     7.324094
0           6       9     631.555     2972     616.154    15.400802
0           6      10     623.479     2973     611.819    11.659726
0           3      21     554.602     2983     554.322     0.280086
0           2       8     319.340     3040     309.068    10.271976
0           2       7     337.470     3040     309.068    28.401724
0           6      11     615.700     3078     607.483     8.217181
0           6      10     623.479     3078     607.483    15.995297
0           6      12     607.910     3079     597.254    10.655769
0           6      11     615.700     3079     597.254    18.446124
0           6      13     600.269     3080     596.265     4.004205
0           6      12     607.910     3080     596.265    11.645209
0           3      22     546.449     3088     540.840     5.609206
0           7      16     455.522     3102     454.319     1.203170
0          19      15     301.169     3134     300.576     0.592792
0          19      16     298.391     3135     297.305     1.086122
0           2       6     358.275     3145     344.653    13.621664
0           6      13     600.269     3185     595.276     4.993585
0           6      13     600.269     3186     594.286     5.983026
0           6      15     585.291     3187     577.181     8.109281
0           6      14     592.868     3187     577.181    15.686760
0           6      16     577.759     3188     568.969     8.789715
0           6      15     585.291     3188     568.969    16.321867
0           6      17     570.683     3189     566.375     4.307614
0           6      16     577.759     3189     566.375    11.383465
0           6      18     563.861     3190     563.781     0.079846
0           6      20     550.486     3191     549.390     1.096197
0           6      19     557.121     3191     549.390     7.731000
0           6      20     550.486     3192     543.345     7.141302
0           7       1     534.217     3193     532.567     1.649988
0           6      21     540.703     3193     532.567     8.135816
0           3      23     538.206     3193     532.567     5.639438
0           7       2     530.975     3194     529.628     1.346899
0           7       1     534.217     3194     529.628     4.589196
0           7       2     530.975     3195     525.501     5.473303
0           7       3     524.816     3196     520.369     4.446489
0           7      16     455.522     3206     452.821     2.701065
0           7      15     460.259     3206     452.821     7.438579
0           2       5     381.729     3250     371.850     9.878890
0           7       4     518.833     3300     515.237     3.595979
0           7       5     512.958     3301     510.105     2.853289
0           7       4     518.833     3301     510.105     8.728090
0           7       6     507.244     3302     505.855     1.389018
0           7      10     485.554     3306     481.370     4.184015
0           7      12     475.146     3307     474.324     0.822819
0           7      11     480.381     3307     474.324     6.057922
0           7      13     469.986     3308     467.341     2.644624
0           7      12     475.146     3308     467.341     7.804966
0           7      15     460.259     3309     459.545     0.714732
0           7      14     465.008     3309     459.545     5.463720
0           7      13     469.986     3309     459.545    10.441438
0          19       8     321.489     3336     320.244     1.244103
0          19       7     324.522     3336     320.244     4.277428
0          19       8     321.489     3337     319.281     2.207115
0          19       9     318.522     3338     318.318     0.203309
0          19      10     315.548     3339     313.287     2.261541
0           2       4     403.258     3353     399.997     3.261684
0          19       6     327.637     3439     325.204     2.433093
0          19       7     324.522     3440     322.724     1.797753
0           2       3     419.322     3457     414.214     5.107896
0          19       5     330.783     3542     327.683     3.099356
0          19       4     333.959     3542     327.683     6.275453
0           2       3     419.322     3560     415.117     4.204607
0           2       2     433.288     3560     415.117    18.170709
0          19       3     337.213     3643     332.597     4.616264
0          19       4     333.959     3644     329.400     4.558595
0          19       3     337.213     3644     329.400     7.812644
0          19       4     333.959     3645     328.542     5.417024
0           7      28     401.794     3731     401.591     0.203203
0          18       6     346.128     3742     344.069     2.059037
0           7      42     347.350     3742     344.069     3.280124
0          19       2     340.488     3743     338.989     1.498866
0          19       1     343.881     3743     338.989     4.891284
0          19       3     337.213     3744     335.793     1.419914
0          19       2     340.488     3744     335.793     4.695247
0           7      29     397.469     3833     396.775     0.693646
0           7      33     381.302     3937     377.664     3.638010
0           7      34     377.384     3938     374.759     2.624076
0          18       2     362.748     3942     362.095     0.653190
0           9      26     589.627     4008     589.257     0.370088
0           9      28     573.291     4010     570.287     3.004478
0           9      29     564.690     4011     561.474     3.215621
0           9      30     557.471     4012     552.353     5.118493
0           9      31     551.806     4013     546.129     5.677205
0           9      18     646.751     4102     642.576     4.174637
0           9      26     589.627     4109     587.560     2.067048
0           9      34     534.665     4116     531.492     3.173381
0           9      35     527.164     4117     523.929     3.234901
0           9      36     518.070     4118     512.555     5.515453
0           9      37     511.852     4119     507.316     4.535806
0          13       7     439.595     4129     439.280     0.315246
0          13       8     435.139     4130     434.224     0.915172
0          13       9     431.885     4131     430.472     1.413293
0           8      15     385.991     4140     385.957     0.033898
0          17       3     386.520     4143     377.621     8.899303
0           9      14     677.373     4200     675.108     2.264238
0           9      15     669.288     4201     668.820     0.467569
0           9      16     663.242     4202     659.658     3.584136
0           9      38     504.607     4221     502.078     2.528545
0           9      41     483.671     4224     482.545     1.125859
0          13       3     463.709     4228     461.808     1.900810
0          13       4     458.551     4229     454.674     3.876985
0          13       5     454.289     4230     450.246     4.043448
0          13      10     428.473     4233     426.719     1.753964
0          13      10     428.473     4234     422.967     5.506314
0          13      11     422.088     4235     416.042     6.046128
0          13      12     415.898     4236     413.034     2.864517
0          13      13     411.822     4237     409.187     2.635706
0           8      14     395.978     4242     391.758     4.219367
0          17       2     409.880     4245     404.904     4.975887
0           9       9     718.259     4298     714.000     4.258983
0           9      10     709.413     4299     704.825     4.588438
0          14       4     419.357     4341     409.282    10.075310
0          10      22     520.757     4421     519.064     1.693654
0          10      21     526.400     4421     519.064     7.336055
0          11      17     520.412     4422     518.024     2.388077
0          10      22     520.757     4422     518.024     2.733327
0          12       2     511.357     4424     506.864     4.492859
0          12       5     496.490     4426     494.765     1.725026
0          14       3     431.465     4443     428.260     3.205055
0           9       6     747.253     4501     741.665     5.587939
0          10      20     532.430     4523     528.106     4.324206
0          11      16     524.630     4524     524.235     0.394897
0          10      21     526.400     4524     524.235     2.164974
0           9       4     769.047     4605     769.001     0.046255
0          10      18     546.590     4628     539.300     7.290182
0          11      15     529.126     4630     528.263     0.862818
0           8      10     430.932     4654     430.598     0.334735
0          10      14     582.162     4731     575.196     6.966045
0          10      16     564.024     4732     563.021     1.002689
0          10      17     555.170     4733     551.788     3.381904
0          10      18     546.590     4734     545.544     1.046285
0          11      12     546.579     4841     546.068     0.510524
0           8       7     452.147     4864     450.236     1.911065
0          11      11     555.896     4944     555.241     0.655425
0           8       6     459.388     4967     452.552     6.836068
0          11      10     565.741     5043     564.867     0.874290
0           8       5     466.813     5066     460.844     5.968693
0          11       9     573.546     5138     569.643     3.902919
0          10       4     651.392     5221     650.185     1.206254
0          10       5     645.928     5222     641.147     4.780811
0          10       6     641.036     5223     639.409     1.626641
0          11       5     605.444     5415     599.160     6.284202
0          11       3     623.900     5572     623.467     0.432879
